<?xml version="1.0" encoding="UTF-8"?>
<testsuite xmlns:xsi="http://www.w3.org/2001/XMLSchema-instance" xsi:noNamespaceSchemaLocation="https://maven.apache.org/surefire/maven-surefire-plugin/xsd/surefire-test-report.xsd" name="com.mkyong.examples.MainTestClass" time="8.96" tests="2" errors="0" skipped="0" failures="0">
  <properties>
    <property name="java.specification.version" value="14"/>
    <property name="sun.jnu.encoding" value="UTF-8"/>
    <property name="java.class.path" value="/Users/emranmoq/Documents/RestAssuredTask/target/test-classes:/Users/emranmoq/Documents/RestAssuredTask/target/classes:/Users/emranmoq/.m2/repository/org/junit/jupiter/junit-jupiter-engine/5.3.1/junit-jupiter-engine-5.3.1.jar:/Users/emranmoq/.m2/repository/org/apiguardian/apiguardian-api/1.0.0/apiguardian-api-1.0.0.jar:/Users/emranmoq/.m2/repository/org/junit/platform/junit-platform-engine/1.3.1/junit-platform-engine-1.3.1.jar:/Users/emranmoq/.m2/repository/org/junit/platform/junit-platform-commons/1.3.1/junit-platform-commons-1.3.1.jar:/Users/emranmoq/.m2/repository/org/opentest4j/opentest4j/1.1.1/opentest4j-1.1.1.jar:/Users/emranmoq/.m2/repository/org/junit/jupiter/junit-jupiter-api/5.3.1/junit-jupiter-api-5.3.1.jar:/Users/emranmoq/.m2/repository/org/slf4j/slf4j-simple/1.7.30/slf4j-simple-1.7.30.jar:/Users/emranmoq/.m2/repository/org/slf4j/slf4j-api/1.7.30/slf4j-api-1.7.30.jar:/Users/emranmoq/.m2/repository/org/apache/commons/commons-lang3/3.9/commons-lang3-3.9.jar:/Users/emranmoq/.m2/repository/commons-io/commons-io/2.6/commons-io-2.6.jar:/Users/emranmoq/.m2/repository/commons-validator/commons-validator/1.6/commons-validator-1.6.jar:/Users/emranmoq/.m2/repository/commons-beanutils/commons-beanutils/1.9.2/commons-beanutils-1.9.2.jar:/Users/emranmoq/.m2/repository/commons-digester/commons-digester/1.8.1/commons-digester-1.8.1.jar:/Users/emranmoq/.m2/repository/commons-logging/commons-logging/1.2/commons-logging-1.2.jar:/Users/emranmoq/.m2/repository/commons-collections/commons-collections/3.2.2/commons-collections-3.2.2.jar:/Users/emranmoq/.m2/repository/io/rest-assured/rest-assured/4.3.0/rest-assured-4.3.0.jar:/Users/emranmoq/.m2/repository/org/codehaus/groovy/groovy/3.0.2/groovy-3.0.2.jar:/Users/emranmoq/.m2/repository/org/codehaus/groovy/groovy-xml/3.0.2/groovy-xml-3.0.2.jar:/Users/emranmoq/.m2/repository/org/apache/httpcomponents/httpclient/4.5.3/httpclient-4.5.3.jar:/Users/emranmoq/.m2/repository/org/apache/httpcomponents/httpcore/4.4.6/httpcore-4.4.6.jar:/Users/emranmoq/.m2/repository/commons-codec/commons-codec/1.9/commons-codec-1.9.jar:/Users/emranmoq/.m2/repository/org/apache/httpcomponents/httpmime/4.5.3/httpmime-4.5.3.jar:/Users/emranmoq/.m2/repository/org/hamcrest/hamcrest/2.1/hamcrest-2.1.jar:/Users/emranmoq/.m2/repository/org/ccil/cowan/tagsoup/tagsoup/1.2.1/tagsoup-1.2.1.jar:/Users/emranmoq/.m2/repository/io/rest-assured/json-path/4.3.0/json-path-4.3.0.jar:/Users/emranmoq/.m2/repository/org/codehaus/groovy/groovy-json/3.0.2/groovy-json-3.0.2.jar:/Users/emranmoq/.m2/repository/io/rest-assured/rest-assured-common/4.3.0/rest-assured-common-4.3.0.jar:/Users/emranmoq/.m2/repository/io/rest-assured/xml-path/4.3.0/xml-path-4.3.0.jar:/Users/emranmoq/.m2/repository/jakarta/xml/bind/jakarta.xml.bind-api/2.3.2/jakarta.xml.bind-api-2.3.2.jar:/Users/emranmoq/.m2/repository/com/sun/xml/bind/jaxb-osgi/2.3.0.1/jaxb-osgi-2.3.0.1.jar:/Users/emranmoq/.m2/repository/org/apache/sling/org.apache.sling.javax.activation/0.1.0/org.apache.sling.javax.activation-0.1.0.jar:/Users/emranmoq/.m2/repository/io/rest-assured/json-schema-validator/4.3.0/json-schema-validator-4.3.0.jar:/Users/emranmoq/.m2/repository/com/github/java-json-tools/json-schema-validator/2.2.10/json-schema-validator-2.2.10.jar:/Users/emranmoq/.m2/repository/com/github/java-json-tools/json-schema-core/1.2.10/json-schema-core-1.2.10.jar:/Users/emranmoq/.m2/repository/com/github/java-json-tools/jackson-coreutils/1.9/jackson-coreutils-1.9.jar:/Users/emranmoq/.m2/repository/com/fasterxml/jackson/core/jackson-databind/2.2.3/jackson-databind-2.2.3.jar:/Users/emranmoq/.m2/repository/com/fasterxml/jackson/core/jackson-annotations/2.2.3/jackson-annotations-2.2.3.jar:/Users/emranmoq/.m2/repository/com/fasterxml/jackson/core/jackson-core/2.2.3/jackson-core-2.2.3.jar:/Users/emranmoq/.m2/repository/com/google/guava/guava/16.0.1/guava-16.0.1.jar:/Users/emranmoq/.m2/repository/com/github/fge/msg-simple/1.1/msg-simple-1.1.jar:/Users/emranmoq/.m2/repository/com/github/fge/btf/1.2/btf-1.2.jar:/Users/emranmoq/.m2/repository/com/github/fge/uri-template/0.9/uri-template-0.9.jar:/Users/emranmoq/.m2/repository/org/mozilla/rhino/1.7.7.1/rhino-1.7.7.1.jar:/Users/emranmoq/.m2/repository/javax/mail/mailapi/1.4.3/mailapi-1.4.3.jar:/Users/emranmoq/.m2/repository/joda-time/joda-time/2.9.7/joda-time-2.9.7.jar:/Users/emranmoq/.m2/repository/com/googlecode/libphonenumber/libphonenumber/8.0.0/libphonenumber-8.0.0.jar:/Users/emranmoq/.m2/repository/com/google/code/findbugs/jsr305/3.0.1/jsr305-3.0.1.jar:/Users/emranmoq/.m2/repository/net/sf/jopt-simple/jopt-simple/5.0.3/jopt-simple-5.0.3.jar:/Users/emranmoq/.m2/repository/io/rest-assured/spring-mock-mvc/4.3.0/spring-mock-mvc-4.3.0.jar:/Users/emranmoq/.m2/repository/io/rest-assured/spring-commons/4.3.0/spring-commons-4.3.0.jar:/Users/emranmoq/.m2/repository/org/springframework/spring-test/4.3.23.RELEASE/spring-test-4.3.23.RELEASE.jar:/Users/emranmoq/.m2/repository/org/springframework/spring-core/4.3.23.RELEASE/spring-core-4.3.23.RELEASE.jar:/Users/emranmoq/.m2/repository/org/springframework/spring-webmvc/4.3.23.RELEASE/spring-webmvc-4.3.23.RELEASE.jar:/Users/emranmoq/.m2/repository/org/springframework/spring-aop/4.3.23.RELEASE/spring-aop-4.3.23.RELEASE.jar:/Users/emranmoq/.m2/repository/org/springframework/spring-beans/4.3.23.RELEASE/spring-beans-4.3.23.RELEASE.jar:/Users/emranmoq/.m2/repository/org/springframework/spring-expression/4.3.23.RELEASE/spring-expression-4.3.23.RELEASE.jar:/Users/emranmoq/.m2/repository/org/springframework/spring-web/4.3.23.RELEASE/spring-web-4.3.23.RELEASE.jar:/Users/emranmoq/.m2/repository/io/rest-assured/spring-web-test-client/4.3.0/spring-web-test-client-4.3.0.jar:/Users/emranmoq/.m2/repository/org/springframework/spring-context/5.1.0.RELEASE/spring-context-5.1.0.RELEASE.jar:/Users/emranmoq/.m2/repository/org/springframework/spring-webflux/5.1.0.RELEASE/spring-webflux-5.1.0.RELEASE.jar:/Users/emranmoq/.m2/repository/io/projectreactor/reactor-core/3.2.0.RELEASE/reactor-core-3.2.0.RELEASE.jar:/Users/emranmoq/.m2/repository/org/reactivestreams/reactive-streams/1.0.2/reactive-streams-1.0.2.jar:/Users/emranmoq/.m2/repository/org/synchronoss/cloud/nio-multipart-parser/1.1.0/nio-multipart-parser-1.1.0.jar:/Users/emranmoq/.m2/repository/org/synchronoss/cloud/nio-stream-storage/1.1.3/nio-stream-storage-1.1.3.jar:/Users/emranmoq/.m2/repository/io/rest-assured/scala-support/4.3.0/scala-support-4.3.0.jar:/Users/emranmoq/.m2/repository/org/scala-lang/scala-library/2.13.0/scala-library-2.13.0.jar:/Users/emranmoq/.m2/repository/io/rest-assured/kotlin-extensions/4.3.0/kotlin-extensions-4.3.0.jar:/Users/emranmoq/.m2/repository/org/jetbrains/kotlin/kotlin-stdlib-jdk8/1.3.70/kotlin-stdlib-jdk8-1.3.70.jar:/Users/emranmoq/.m2/repository/org/jetbrains/kotlin/kotlin-stdlib/1.3.70/kotlin-stdlib-1.3.70.jar:/Users/emranmoq/.m2/repository/org/jetbrains/kotlin/kotlin-stdlib-common/1.3.70/kotlin-stdlib-common-1.3.70.jar:/Users/emranmoq/.m2/repository/org/jetbrains/annotations/13.0/annotations-13.0.jar:/Users/emranmoq/.m2/repository/org/jetbrains/kotlin/kotlin-stdlib-jdk7/1.3.70/kotlin-stdlib-jdk7-1.3.70.jar:/Users/emranmoq/.m2/repository/io/rest-assured/rest-assured-all/4.3.0/rest-assured-all-4.3.0.jar:/Users/emranmoq/.m2/repository/jakarta/activation/jakarta.activation-api/1.2.1/jakarta.activation-api-1.2.1.jar:/Users/emranmoq/.m2/repository/javax/activation/activation/1.1.1/activation-1.1.1.jar:"/>
    <property name="java.vm.vendor" value="Oracle Corporation"/>
    <property name="sun.arch.data.model" value="64"/>
    <property name="java.vendor.url" value="https://java.oracle.com/"/>
    <property name="os.name" value="Mac OS X"/>
    <property name="java.vm.specification.version" value="14"/>
    <property name="sun.java.launcher" value="SUN_STANDARD"/>
    <property name="user.country" value="JO"/>
    <property name="sun.boot.library.path" value="/Library/Java/JavaVirtualMachines/jdk-14.0.1.jdk/Contents/Home/lib"/>
    <property name="sun.java.command" value="/Users/emranmoq/Documents/RestAssuredTask/target/surefire/surefirebooter6878911637822402250.jar /Users/emranmoq/Documents/RestAssuredTask/target/surefire 2020-09-01T22-10-01_369-jvmRun1 surefire11692600304749520938tmp surefire_05943504412486873749tmp"/>
    <property name="jdk.debug" value="release"/>
    <property name="test" value="MainTestClass"/>
    <property name="surefire.test.class.path" value="/Users/emranmoq/Documents/RestAssuredTask/target/test-classes:/Users/emranmoq/Documents/RestAssuredTask/target/classes:/Users/emranmoq/.m2/repository/org/junit/jupiter/junit-jupiter-engine/5.3.1/junit-jupiter-engine-5.3.1.jar:/Users/emranmoq/.m2/repository/org/apiguardian/apiguardian-api/1.0.0/apiguardian-api-1.0.0.jar:/Users/emranmoq/.m2/repository/org/junit/platform/junit-platform-engine/1.3.1/junit-platform-engine-1.3.1.jar:/Users/emranmoq/.m2/repository/org/junit/platform/junit-platform-commons/1.3.1/junit-platform-commons-1.3.1.jar:/Users/emranmoq/.m2/repository/org/opentest4j/opentest4j/1.1.1/opentest4j-1.1.1.jar:/Users/emranmoq/.m2/repository/org/junit/jupiter/junit-jupiter-api/5.3.1/junit-jupiter-api-5.3.1.jar:/Users/emranmoq/.m2/repository/org/slf4j/slf4j-simple/1.7.30/slf4j-simple-1.7.30.jar:/Users/emranmoq/.m2/repository/org/slf4j/slf4j-api/1.7.30/slf4j-api-1.7.30.jar:/Users/emranmoq/.m2/repository/org/apache/commons/commons-lang3/3.9/commons-lang3-3.9.jar:/Users/emranmoq/.m2/repository/commons-io/commons-io/2.6/commons-io-2.6.jar:/Users/emranmoq/.m2/repository/commons-validator/commons-validator/1.6/commons-validator-1.6.jar:/Users/emranmoq/.m2/repository/commons-beanutils/commons-beanutils/1.9.2/commons-beanutils-1.9.2.jar:/Users/emranmoq/.m2/repository/commons-digester/commons-digester/1.8.1/commons-digester-1.8.1.jar:/Users/emranmoq/.m2/repository/commons-logging/commons-logging/1.2/commons-logging-1.2.jar:/Users/emranmoq/.m2/repository/commons-collections/commons-collections/3.2.2/commons-collections-3.2.2.jar:/Users/emranmoq/.m2/repository/io/rest-assured/rest-assured/4.3.0/rest-assured-4.3.0.jar:/Users/emranmoq/.m2/repository/org/codehaus/groovy/groovy/3.0.2/groovy-3.0.2.jar:/Users/emranmoq/.m2/repository/org/codehaus/groovy/groovy-xml/3.0.2/groovy-xml-3.0.2.jar:/Users/emranmoq/.m2/repository/org/apache/httpcomponents/httpclient/4.5.3/httpclient-4.5.3.jar:/Users/emranmoq/.m2/repository/org/apache/httpcomponents/httpcore/4.4.6/httpcore-4.4.6.jar:/Users/emranmoq/.m2/repository/commons-codec/commons-codec/1.9/commons-codec-1.9.jar:/Users/emranmoq/.m2/repository/org/apache/httpcomponents/httpmime/4.5.3/httpmime-4.5.3.jar:/Users/emranmoq/.m2/repository/org/hamcrest/hamcrest/2.1/hamcrest-2.1.jar:/Users/emranmoq/.m2/repository/org/ccil/cowan/tagsoup/tagsoup/1.2.1/tagsoup-1.2.1.jar:/Users/emranmoq/.m2/repository/io/rest-assured/json-path/4.3.0/json-path-4.3.0.jar:/Users/emranmoq/.m2/repository/org/codehaus/groovy/groovy-json/3.0.2/groovy-json-3.0.2.jar:/Users/emranmoq/.m2/repository/io/rest-assured/rest-assured-common/4.3.0/rest-assured-common-4.3.0.jar:/Users/emranmoq/.m2/repository/io/rest-assured/xml-path/4.3.0/xml-path-4.3.0.jar:/Users/emranmoq/.m2/repository/jakarta/xml/bind/jakarta.xml.bind-api/2.3.2/jakarta.xml.bind-api-2.3.2.jar:/Users/emranmoq/.m2/repository/com/sun/xml/bind/jaxb-osgi/2.3.0.1/jaxb-osgi-2.3.0.1.jar:/Users/emranmoq/.m2/repository/org/apache/sling/org.apache.sling.javax.activation/0.1.0/org.apache.sling.javax.activation-0.1.0.jar:/Users/emranmoq/.m2/repository/io/rest-assured/json-schema-validator/4.3.0/json-schema-validator-4.3.0.jar:/Users/emranmoq/.m2/repository/com/github/java-json-tools/json-schema-validator/2.2.10/json-schema-validator-2.2.10.jar:/Users/emranmoq/.m2/repository/com/github/java-json-tools/json-schema-core/1.2.10/json-schema-core-1.2.10.jar:/Users/emranmoq/.m2/repository/com/github/java-json-tools/jackson-coreutils/1.9/jackson-coreutils-1.9.jar:/Users/emranmoq/.m2/repository/com/fasterxml/jackson/core/jackson-databind/2.2.3/jackson-databind-2.2.3.jar:/Users/emranmoq/.m2/repository/com/fasterxml/jackson/core/jackson-annotations/2.2.3/jackson-annotations-2.2.3.jar:/Users/emranmoq/.m2/repository/com/fasterxml/jackson/core/jackson-core/2.2.3/jackson-core-2.2.3.jar:/Users/emranmoq/.m2/repository/com/google/guava/guava/16.0.1/guava-16.0.1.jar:/Users/emranmoq/.m2/repository/com/github/fge/msg-simple/1.1/msg-simple-1.1.jar:/Users/emranmoq/.m2/repository/com/github/fge/btf/1.2/btf-1.2.jar:/Users/emranmoq/.m2/repository/com/github/fge/uri-template/0.9/uri-template-0.9.jar:/Users/emranmoq/.m2/repository/org/mozilla/rhino/1.7.7.1/rhino-1.7.7.1.jar:/Users/emranmoq/.m2/repository/javax/mail/mailapi/1.4.3/mailapi-1.4.3.jar:/Users/emranmoq/.m2/repository/joda-time/joda-time/2.9.7/joda-time-2.9.7.jar:/Users/emranmoq/.m2/repository/com/googlecode/libphonenumber/libphonenumber/8.0.0/libphonenumber-8.0.0.jar:/Users/emranmoq/.m2/repository/com/google/code/findbugs/jsr305/3.0.1/jsr305-3.0.1.jar:/Users/emranmoq/.m2/repository/net/sf/jopt-simple/jopt-simple/5.0.3/jopt-simple-5.0.3.jar:/Users/emranmoq/.m2/repository/io/rest-assured/spring-mock-mvc/4.3.0/spring-mock-mvc-4.3.0.jar:/Users/emranmoq/.m2/repository/io/rest-assured/spring-commons/4.3.0/spring-commons-4.3.0.jar:/Users/emranmoq/.m2/repository/org/springframework/spring-test/4.3.23.RELEASE/spring-test-4.3.23.RELEASE.jar:/Users/emranmoq/.m2/repository/org/springframework/spring-core/4.3.23.RELEASE/spring-core-4.3.23.RELEASE.jar:/Users/emranmoq/.m2/repository/org/springframework/spring-webmvc/4.3.23.RELEASE/spring-webmvc-4.3.23.RELEASE.jar:/Users/emranmoq/.m2/repository/org/springframework/spring-aop/4.3.23.RELEASE/spring-aop-4.3.23.RELEASE.jar:/Users/emranmoq/.m2/repository/org/springframework/spring-beans/4.3.23.RELEASE/spring-beans-4.3.23.RELEASE.jar:/Users/emranmoq/.m2/repository/org/springframework/spring-expression/4.3.23.RELEASE/spring-expression-4.3.23.RELEASE.jar:/Users/emranmoq/.m2/repository/org/springframework/spring-web/4.3.23.RELEASE/spring-web-4.3.23.RELEASE.jar:/Users/emranmoq/.m2/repository/io/rest-assured/spring-web-test-client/4.3.0/spring-web-test-client-4.3.0.jar:/Users/emranmoq/.m2/repository/org/springframework/spring-context/5.1.0.RELEASE/spring-context-5.1.0.RELEASE.jar:/Users/emranmoq/.m2/repository/org/springframework/spring-webflux/5.1.0.RELEASE/spring-webflux-5.1.0.RELEASE.jar:/Users/emranmoq/.m2/repository/io/projectreactor/reactor-core/3.2.0.RELEASE/reactor-core-3.2.0.RELEASE.jar:/Users/emranmoq/.m2/repository/org/reactivestreams/reactive-streams/1.0.2/reactive-streams-1.0.2.jar:/Users/emranmoq/.m2/repository/org/synchronoss/cloud/nio-multipart-parser/1.1.0/nio-multipart-parser-1.1.0.jar:/Users/emranmoq/.m2/repository/org/synchronoss/cloud/nio-stream-storage/1.1.3/nio-stream-storage-1.1.3.jar:/Users/emranmoq/.m2/repository/io/rest-assured/scala-support/4.3.0/scala-support-4.3.0.jar:/Users/emranmoq/.m2/repository/org/scala-lang/scala-library/2.13.0/scala-library-2.13.0.jar:/Users/emranmoq/.m2/repository/io/rest-assured/kotlin-extensions/4.3.0/kotlin-extensions-4.3.0.jar:/Users/emranmoq/.m2/repository/org/jetbrains/kotlin/kotlin-stdlib-jdk8/1.3.70/kotlin-stdlib-jdk8-1.3.70.jar:/Users/emranmoq/.m2/repository/org/jetbrains/kotlin/kotlin-stdlib/1.3.70/kotlin-stdlib-1.3.70.jar:/Users/emranmoq/.m2/repository/org/jetbrains/kotlin/kotlin-stdlib-common/1.3.70/kotlin-stdlib-common-1.3.70.jar:/Users/emranmoq/.m2/repository/org/jetbrains/annotations/13.0/annotations-13.0.jar:/Users/emranmoq/.m2/repository/org/jetbrains/kotlin/kotlin-stdlib-jdk7/1.3.70/kotlin-stdlib-jdk7-1.3.70.jar:/Users/emranmoq/.m2/repository/io/rest-assured/rest-assured-all/4.3.0/rest-assured-all-4.3.0.jar:/Users/emranmoq/.m2/repository/jakarta/activation/jakarta.activation-api/1.2.1/jakarta.activation-api-1.2.1.jar:/Users/emranmoq/.m2/repository/javax/activation/activation/1.1.1/activation-1.1.1.jar:"/>
    <property name="sun.cpu.endian" value="little"/>
    <property name="user.home" value="/Users/emranmoq"/>
    <property name="user.language" value="en"/>
    <property name="java.specification.vendor" value="Oracle Corporation"/>
    <property name="java.version.date" value="2020-04-14"/>
    <property name="java.home" value="/Library/Java/JavaVirtualMachines/jdk-14.0.1.jdk/Contents/Home"/>
    <property name="file.separator" value="/"/>
    <property name="basedir" value="/Users/emranmoq/Documents/RestAssuredTask"/>
    <property name="java.vm.compressedOopsMode" value="Zero based"/>
    <property name="line.separator" value="&#10;"/>
    <property name="java.vm.specification.vendor" value="Oracle Corporation"/>
    <property name="java.specification.name" value="Java Platform API Specification"/>
    <property name="surefire.real.class.path" value="/Users/emranmoq/Documents/RestAssuredTask/target/surefire/surefirebooter6878911637822402250.jar"/>
    <property name="sun.management.compiler" value="HotSpot 64-Bit Tiered Compilers"/>
    <property name="java.runtime.version" value="14.0.1+7"/>
    <property name="user.name" value="emranmoq"/>
    <property name="path.separator" value=":"/>
    <property name="os.version" value="10.14.6"/>
    <property name="java.runtime.name" value="Java(TM) SE Runtime Environment"/>
    <property name="file.encoding" value="UTF-8"/>
    <property name="java.vm.name" value="Java HotSpot(TM) 64-Bit Server VM"/>
    <property name="localRepository" value="/Users/emranmoq/.m2/repository"/>
    <property name="java.vendor.url.bug" value="https://bugreport.java.com/bugreport/"/>
    <property name="java.io.tmpdir" value="/var/folders/cd/sggw_zlx3kd54sxk8rfytnsxjq5xzj/T/"/>
    <property name="java.version" value="14.0.1"/>
    <property name="user.dir" value="/Users/emranmoq/Documents/RestAssuredTask"/>
    <property name="os.arch" value="x86_64"/>
    <property name="java.vm.specification.name" value="Java Virtual Machine Specification"/>
    <property name="java.library.path" value="/Users/emranmoq/Library/Java/Extensions:/Library/Java/Extensions:/Network/Library/Java/Extensions:/System/Library/Java/Extensions:/usr/lib/java:."/>
    <property name="java.vm.info" value="mixed mode, sharing"/>
    <property name="java.vendor" value="Oracle Corporation"/>
    <property name="java.vm.version" value="14.0.1+7"/>
    <property name="sun.io.unicode.encoding" value="UnicodeBig"/>
    <property name="java.class.version" value="58.0"/>
  </properties>
  <testcase name="negativeScenario" classname="com.mkyong.examples.MainTestClass" time="6.202"/>
  <testcase name="positiveScenario" classname="com.mkyong.examples.MainTestClass" time="2.752"/>
</testsuite>